0 info it worked if it ends with ok
1 verbose cli [ 'node', '/usr/local/bin/npm', 'install', '-g', 'n' ]
2 info using npm@2.7.4
3 info using node@v0.12.2
4 silly cache add args [ 'n', null ]
5 verbose cache add spec n
6 silly cache add parsed spec { raw: 'n',
6 silly cache add   scope: null,
6 silly cache add   name: 'n',
6 silly cache add   rawSpec: '',
6 silly cache add   spec: '*',
6 silly cache add   type: 'range' }
7 verbose addNamed n@*
8 silly addNamed semver.valid null
9 silly addNamed semver.validRange *
10 silly addNameRange { name: 'n', range: '*', hasData: false }
11 silly mapToRegistry name n
12 silly mapToRegistry using default registry
13 silly mapToRegistry registry http://registry.cnpmjs.org/
14 silly mapToRegistry uri http://registry.cnpmjs.org/n
15 verbose addNameRange registry:http://registry.cnpmjs.org/n not in flight; fetching
16 verbose request uri http://registry.cnpmjs.org/n
17 verbose request no auth needed
18 info attempt registry request try #1 at 15:22:20
19 verbose request id e66b0509c7920e63
20 http request GET http://registry.cnpmjs.org/n
21 info retry will retry, error on last attempt: Error: socket hang up
22 info attempt registry request try #2 at 15:22:34
23 http request GET http://registry.cnpmjs.org/n
24 info retry will retry, error on last attempt: Error: socket hang up
25 info attempt registry request try #3 at 15:23:38
26 http request GET http://registry.cnpmjs.org/n
27 verbose stack Error: socket hang up
27 verbose stack     at createHangUpError (_http_client.js:215:15)
27 verbose stack     at Socket.socketOnEnd (_http_client.js:300:23)
27 verbose stack     at Socket.emit (events.js:129:20)
27 verbose stack     at _stream_readable.js:908:16
27 verbose stack     at process._tickCallback (node.js:355:11)
28 verbose cwd /Users/ywj/Documents/GIT/webpack-test
29 error Darwin 14.5.0
30 error argv "node" "/usr/local/bin/npm" "install" "-g" "n"
31 error node v0.12.2
32 error npm  v2.7.4
33 error code ECONNRESET
34 error network socket hang up
34 error network This is most likely not a problem with npm itself
34 error network and is related to network connectivity.
34 error network In most cases you are behind a proxy or have bad network settings.
34 error network
34 error network If you are behind a proxy, please make sure that the
34 error network 'proxy' config is set properly.  See: 'npm help config'
35 verbose exit [ 1, true ]
